[
  {
    "phase": "setup",
    "command": "python -m pip install -U pip setuptools wheel",
    "exit_code": 0,
    "ok": true,
    "stdout": "Requirement already satisfied: pip in /usr/local/lib/python3.11/site-packages (25.3)\nRequirement already satisfied: setuptools in /usr/local/lib/python3.11/site-packages (80.9.0)\nRequirement already satisfied: wheel in /usr/local/lib/python3.11/site-packages (0.45.1)\n",
    "stderr": "WARNING: Running pip as the 'root' user can result in broken permissions and conflicting behaviour with the system package manager, possibly rendering your system unusable. It is recommended to use a virtual environment instead: https://pip.pypa.io/warnings/venv. Use the --root-user-action option if you know what you are doing and want to suppress this warning.\n"
  },
  {
    "phase": "setup",
    "command": "python -m pip install pytest",
    "exit_code": 0,
    "ok": true,
    "stdout": "Requirement already satisfied: pytest in /usr/local/lib/python3.11/site-packages (9.0.2)\nRequirement already satisfied: iniconfig>=1.0.1 in /usr/local/lib/python3.11/site-packages (from pytest) (2.3.0)\nRequirement already satisfied: packaging>=22 in /usr/local/lib/python3.11/site-packages (from pytest) (25.0)\nRequirement already satisfied: pluggy<2,>=1.5 in /usr/local/lib/python3.11/site-packages (from pytest) (1.6.0)\nRequirement already satisfied: pygments>=2.7.2 in /usr/local/lib/python3.11/site-packages (from pytest) (2.19.2)\n",
    "stderr": "WARNING: Running pip as the 'root' user can result in broken permissions and conflicting behaviour with the system package manager, possibly rendering your system unusable. It is recommended to use a virtual environment instead: https://pip.pypa.io/warnings/venv. Use the --root-user-action option if you know what you are doing and want to suppress this warning.\n"
  },
  {
    "phase": "setup",
    "command": "python -m pip install -e .",
    "exit_code": 1,
    "ok": false,
    "stdout": "Obtaining file:///repo\n",
    "stderr": "ERROR: file:///repo does not appear to be a Python project: neither 'setup.py' nor 'pyproject.toml' found.\n"
  },
  {
    "phase": "setup",
    "command": "python -m pip install -r requirements.txt",
    "exit_code": 1,
    "ok": false,
    "stdout": "",
    "stderr": "ERROR: Could not open requirements file: [Errno 2] No such file or directory: 'requirements.txt'\n"
  },
  {
    "phase": "test",
    "command": "python -m pytest -q python_testcases/test_quicksort.py",
    "exit_code": 1,
    "ok": false,
    "stdout": ".F...........                                                            [100%]\n=================================== FAILURES ===================================\n____________________ test_quicksort[input_data1-expected1] _____________________\n\ninput_data = [[3, 1, 4, 1, 5, 9, ...]], expected = [1, 1, 2, 3, 3, 3, ...]\n\n    @pytest.mark.parametrize(\"input_data,expected\", testdata)\n    def test_quicksort(input_data, expected):\n>       assert quicksort(*input_data) == expected\nE       assert [1, 2, 3, 4, 5, 6, ...] == [1, 1, 2, 3, 3, 3, ...]\nE         \nE         At index 1 diff: 2 != 1\nE         Right contains 7 more items, first extra item: 5\nE         Use -v to get more diff\n\npython_testcases/test_quicksort.py:15: AssertionError\n=========================== short test summary info ============================\nFAILED python_testcases/test_quicksort.py::test_quicksort[input_data1-expected1]\n1 failed, 12 passed in 0.21s\n",
    "stderr": "",
    "timed_out": false
  },
  {
    "phase": "test",
    "command": "python -m pytest -q python_testcases/test_quicksort.py",
    "exit_code": 1,
    "ok": false,
    "stdout": ".F...........                                                            [100%]\n=================================== FAILURES ===================================\n____________________ test_quicksort[input_data1-expected1] _____________________\n\ninput_data = [[3, 1, 4, 1, 5, 9, ...]], expected = [1, 1, 2, 3, 3, 3, ...]\n\n    @pytest.mark.parametrize(\"input_data,expected\", testdata)\n    def test_quicksort(input_data, expected):\n>       assert quicksort(*input_data) == expected\nE       assert [1, 2, 3, 4, 5, 6, ...] == [1, 1, 2, 3, 3, 3, ...]\nE         \nE         At index 1 diff: 2 != 1\nE         Right contains 7 more items, first extra item: 5\nE         Use -v to get more diff\n\npython_testcases/test_quicksort.py:15: AssertionError\n=========================== short test summary info ============================\nFAILED python_testcases/test_quicksort.py::test_quicksort[input_data1-expected1]\n1 failed, 12 passed in 0.06s\n",
    "stderr": "",
    "timed_out": false
  },
  {
    "phase": "test",
    "command": "python -m pytest -q python_testcases/test_quicksort.py",
    "exit_code": 1,
    "ok": false,
    "stdout": ".F...........                                                            [100%]\n=================================== FAILURES ===================================\n____________________ test_quicksort[input_data1-expected1] _____________________\n\ninput_data = [[3, 1, 4, 1, 5, 9, ...]], expected = [1, 1, 2, 3, 3, 3, ...]\n\n    @pytest.mark.parametrize(\"input_data,expected\", testdata)\n    def test_quicksort(input_data, expected):\n>       assert quicksort(*input_data) == expected\nE       assert [1, 2, 3, 4, 5, 6, ...] == [1, 1, 2, 3, 3, 3, ...]\nE         \nE         At index 1 diff: 2 != 1\nE         Right contains 7 more items, first extra item: 5\nE         Use -v to get more diff\n\npython_testcases/test_quicksort.py:15: AssertionError\n=========================== short test summary info ============================\nFAILED python_testcases/test_quicksort.py::test_quicksort[input_data1-expected1]\n1 failed, 12 passed in 0.12s\n",
    "stderr": "",
    "timed_out": false
  },
  {
    "phase": "test",
    "command": "python -m pytest -q python_testcases/test_quicksort.py",
    "exit_code": 1,
    "ok": false,
    "stdout": ".F...........                                                            [100%]\n=================================== FAILURES ===================================\n____________________ test_quicksort[input_data1-expected1] _____________________\n\ninput_data = [[3, 1, 4, 1, 5, 9, ...]], expected = [1, 1, 2, 3, 3, 3, ...]\n\n    @pytest.mark.parametrize(\"input_data,expected\", testdata)\n    def test_quicksort(input_data, expected):\n>       assert quicksort(*input_data) == expected\nE       assert [1, 2, 3, 4, 5, 6, ...] == [1, 1, 2, 3, 3, 3, ...]\nE         \nE         At index 1 diff: 2 != 1\nE         Right contains 7 more items, first extra item: 5\nE         Use -v to get more diff\n\npython_testcases/test_quicksort.py:15: AssertionError\n=========================== short test summary info ============================\nFAILED python_testcases/test_quicksort.py::test_quicksort[input_data1-expected1]\n1 failed, 12 passed in 0.05s\n",
    "stderr": "",
    "timed_out": false
  },
  {
    "phase": "test",
    "command": "python -m pytest -q python_testcases/test_quicksort.py",
    "exit_code": 1,
    "ok": false,
    "stdout": ".F...........                                                            [100%]\n=================================== FAILURES ===================================\n____________________ test_quicksort[input_data1-expected1] _____________________\n\ninput_data = [[3, 1, 4, 1, 5, 9, ...]], expected = [1, 1, 2, 3, 3, 3, ...]\n\n    @pytest.mark.parametrize(\"input_data,expected\", testdata)\n    def test_quicksort(input_data, expected):\n>       assert quicksort(*input_data) == expected\nE       assert [1, 2, 3, 4, 5, 6, ...] == [1, 1, 2, 3, 3, 3, ...]\nE         \nE         At index 1 diff: 2 != 1\nE         Right contains 7 more items, first extra item: 5\nE         Use -v to get more diff\n\npython_testcases/test_quicksort.py:15: AssertionError\n=========================== short test summary info ============================\nFAILED python_testcases/test_quicksort.py::test_quicksort[input_data1-expected1]\n1 failed, 12 passed in 0.05s\n",
    "stderr": "",
    "timed_out": false
  },
  {
    "phase": "test",
    "command": "python -m pytest -q python_testcases/test_quicksort.py",
    "exit_code": 1,
    "ok": false,
    "stdout": ".F...........                                                            [100%]\n=================================== FAILURES ===================================\n____________________ test_quicksort[input_data1-expected1] _____________________\n\ninput_data = [[3, 1, 4, 1, 5, 9, ...]], expected = [1, 1, 2, 3, 3, 3, ...]\n\n    @pytest.mark.parametrize(\"input_data,expected\", testdata)\n    def test_quicksort(input_data, expected):\n>       assert quicksort(*input_data) == expected\nE       assert [1, 2, 3, 4, 5, 6, ...] == [1, 1, 2, 3, 3, 3, ...]\nE         \nE         At index 1 diff: 2 != 1\nE         Right contains 7 more items, first extra item: 5\nE         Use -v to get more diff\n\npython_testcases/test_quicksort.py:15: AssertionError\n=========================== short test summary info ============================\nFAILED python_testcases/test_quicksort.py::test_quicksort[input_data1-expected1]\n1 failed, 12 passed in 0.03s\n",
    "stderr": "",
    "timed_out": false
  },
  {
    "phase": "test",
    "command": "python -m pytest -q python_testcases/test_quicksort.py",
    "exit_code": 1,
    "ok": false,
    "stdout": ".F...........                                                            [100%]\n=================================== FAILURES ===================================\n____________________ test_quicksort[input_data1-expected1] _____________________\n\ninput_data = [[3, 1, 4, 1, 5, 9, ...]], expected = [1, 1, 2, 3, 3, 3, ...]\n\n    @pytest.mark.parametrize(\"input_data,expected\", testdata)\n    def test_quicksort(input_data, expected):\n>       assert quicksort(*input_data) == expected\nE       assert [1, 2, 3, 4, 5, 6, ...] == [1, 1, 2, 3, 3, 3, ...]\nE         \nE         At index 1 diff: 2 != 1\nE         Right contains 7 more items, first extra item: 5\nE         Use -v to get more diff\n\npython_testcases/test_quicksort.py:15: AssertionError\n=========================== short test summary info ============================\nFAILED python_testcases/test_quicksort.py::test_quicksort[input_data1-expected1]\n1 failed, 12 passed in 0.03s\n",
    "stderr": "",
    "timed_out": false
  },
  {
    "phase": "test",
    "command": "python -m pytest -q python_testcases/test_quicksort.py",
    "exit_code": 1,
    "ok": false,
    "stdout": ".F...........                                                            [100%]\n=================================== FAILURES ===================================\n____________________ test_quicksort[input_data1-expected1] _____________________\n\ninput_data = [[3, 1, 4, 1, 5, 9, ...]], expected = [1, 1, 2, 3, 3, 3, ...]\n\n    @pytest.mark.parametrize(\"input_data,expected\", testdata)\n    def test_quicksort(input_data, expected):\n>       assert quicksort(*input_data) == expected\nE       assert [1, 2, 3, 4, 5, 6, ...] == [1, 1, 2, 3, 3, 3, ...]\nE         \nE         At index 1 diff: 2 != 1\nE         Right contains 7 more items, first extra item: 5\nE         Use -v to get more diff\n\npython_testcases/test_quicksort.py:15: AssertionError\n=========================== short test summary info ============================\nFAILED python_testcases/test_quicksort.py::test_quicksort[input_data1-expected1]\n1 failed, 12 passed in 0.03s\n",
    "stderr": "",
    "timed_out": false
  },
  {
    "phase": "test",
    "command": "python -m pytest -q python_testcases/test_quicksort.py",
    "exit_code": 1,
    "ok": false,
    "stdout": ".F...........                                                            [100%]\n=================================== FAILURES ===================================\n____________________ test_quicksort[input_data1-expected1] _____________________\n\ninput_data = [[3, 1, 4, 1, 5, 9, ...]], expected = [1, 1, 2, 3, 3, 3, ...]\n\n    @pytest.mark.parametrize(\"input_data,expected\", testdata)\n    def test_quicksort(input_data, expected):\n>       assert quicksort(*input_data) == expected\nE       assert [1, 2, 3, 4, 5, 6, ...] == [1, 1, 2, 3, 3, 3, ...]\nE         \nE         At index 1 diff: 2 != 1\nE         Right contains 7 more items, first extra item: 5\nE         Use -v to get more diff\n\npython_testcases/test_quicksort.py:15: AssertionError\n=========================== short test summary info ============================\nFAILED python_testcases/test_quicksort.py::test_quicksort[input_data1-expected1]\n1 failed, 12 passed in 0.03s\n",
    "stderr": "",
    "timed_out": false
  },
  {
    "phase": "test",
    "command": "python -m pytest -q python_testcases/test_quicksort.py",
    "exit_code": 1,
    "ok": false,
    "stdout": ".F...........                                                            [100%]\n=================================== FAILURES ===================================\n____________________ test_quicksort[input_data1-expected1] _____________________\n\ninput_data = [[3, 1, 4, 1, 5, 9, ...]], expected = [1, 1, 2, 3, 3, 3, ...]\n\n    @pytest.mark.parametrize(\"input_data,expected\", testdata)\n    def test_quicksort(input_data, expected):\n>       assert quicksort(*input_data) == expected\nE       assert [1, 2, 3, 4, 5, 6, ...] == [1, 1, 2, 3, 3, 3, ...]\nE         \nE         At index 1 diff: 2 != 1\nE         Right contains 7 more items, first extra item: 5\nE         Use -v to get more diff\n\npython_testcases/test_quicksort.py:15: AssertionError\n=========================== short test summary info ============================\nFAILED python_testcases/test_quicksort.py::test_quicksort[input_data1-expected1]\n1 failed, 12 passed in 0.05s\n",
    "stderr": "",
    "timed_out": false
  },
  {
    "phase": "test",
    "command": "python -m pytest -q python_testcases/test_quicksort.py",
    "exit_code": 1,
    "ok": false,
    "stdout": ".F...........                                                            [100%]\n=================================== FAILURES ===================================\n____________________ test_quicksort[input_data1-expected1] _____________________\n\ninput_data = [[3, 1, 4, 1, 5, 9, ...]], expected = [1, 1, 2, 3, 3, 3, ...]\n\n    @pytest.mark.parametrize(\"input_data,expected\", testdata)\n    def test_quicksort(input_data, expected):\n>       assert quicksort(*input_data) == expected\nE       assert [1, 2, 3, 4, 5, 6, ...] == [1, 1, 2, 3, 3, 3, ...]\nE         \nE         At index 1 diff: 2 != 1\nE         Right contains 7 more items, first extra item: 5\nE         Use -v to get more diff\n\npython_testcases/test_quicksort.py:15: AssertionError\n=========================== short test summary info ============================\nFAILED python_testcases/test_quicksort.py::test_quicksort[input_data1-expected1]\n1 failed, 12 passed in 0.03s\n",
    "stderr": "",
    "timed_out": false
  },
  {
    "phase": "test",
    "command": "python -m pytest -q python_testcases/test_quicksort.py",
    "exit_code": 1,
    "ok": false,
    "stdout": ".F...........                                                            [100%]\n=================================== FAILURES ===================================\n____________________ test_quicksort[input_data1-expected1] _____________________\n\ninput_data = [[3, 1, 4, 1, 5, 9, ...]], expected = [1, 1, 2, 3, 3, 3, ...]\n\n    @pytest.mark.parametrize(\"input_data,expected\", testdata)\n    def test_quicksort(input_data, expected):\n>       assert quicksort(*input_data) == expected\nE       assert [1, 2, 3, 4, 5, 6, ...] == [1, 1, 2, 3, 3, 3, ...]\nE         \nE         At index 1 diff: 2 != 1\nE         Right contains 7 more items, first extra item: 5\nE         Use -v to get more diff\n\npython_testcases/test_quicksort.py:15: AssertionError\n=========================== short test summary info ============================\nFAILED python_testcases/test_quicksort.py::test_quicksort[input_data1-expected1]\n1 failed, 12 passed in 0.03s\n",
    "stderr": "",
    "timed_out": false
  }
]